<?xml version="1.0" encoding="UTF-8"?>
<!-- Generated by org.testng.reporters.JUnitReportReporter -->
<testsuite hostname="LTIN511972" failures="0" tests="1" name="testCases.TC_001_BeCognizantPage" time="22.364" errors="0" timestamp="2024-05-03T16:56:35 IST" skipped="0">
  <testcase classname="testCases.TC_001_BeCognizantPage" name="beCognizantValidation" time="22.364"/>
</testsuite> <!-- testCases.TC_001_BeCognizantPage -->
