<?xml version="1.0" encoding="UTF-8"?>
<!-- Generated by org.testng.reporters.JUnitReportReporter -->
<testsuite hostname="LTIN511972" failures="0" tests="1" name="testCases.TC_002_NewsPage" time="52.524" errors="0" timestamp="2024-05-03T16:56:35 IST" skipped="0">
  <testcase classname="testCases.TC_002_NewsPage" name="newsPageValidation" time="52.524"/>
</testsuite> <!-- testCases.TC_002_NewsPage -->
